<?xml version="1.0" encoding="UTF-8"?>
<!-- Generated by org.testng.reporters.JUnitReportReporter -->
<testsuite hostname="DESKTOP-HRO68S2" failures="0" tests="1" name="Configuration.Tools.Practice" time="1.373" errors="0" timestamp="2023-09-10T12:20:32 GMT-05:00" skipped="0">
  <testcase classname="Configuration.Tools.Practice" name="checkTheUrl" time="1.373"/>
</testsuite> <!-- Configuration.Tools.Practice -->
